Copyright 1986-2018 Xilinx, Inc. All Rights Reserved.
--------------------------------------------------------------------------------------------------------------------------------------------------------------------------------------
| Tool Version : Vivado v.2018.1 (win64) Build 2188600 Wed Apr  4 18:40:38 MDT 2018
| Date         : Thu Sep 17 09:51:17 2020
| Host         : LAPTOP-CCETATNC running 64-bit major release  (build 9200)
| Command      : report_timing_summary -max_paths 10 -file bujin_timing_summary_routed.rpt -pb bujin_timing_summary_routed.pb -rpx bujin_timing_summary_routed.rpx -warn_on_violation
| Design       : bujin
| Device       : 7a100t-csg324
| Speed File   : -1  PRODUCTION 1.21 2018-02-08
--------------------------------------------------------------------------------------------------------------------------------------------------------------------------------------

Timing Summary Report

------------------------------------------------------------------------------------------------
| Timer Settings
| --------------
------------------------------------------------------------------------------------------------

  Enable Multi Corner Analysis               :  Yes
  Enable Pessimism Removal                   :  Yes
  Pessimism Removal Resolution               :  Nearest Common Node
  Enable Input Delay Default Clock           :  No
  Enable Preset / Clear Arcs                 :  No
  Disable Flight Delays                      :  No
  Ignore I/O Paths                           :  No
  Timing Early Launch at Borrowing Latches   :  false

  Corner  Analyze    Analyze    
  Name    Max Paths  Min Paths  
  ------  ---------  ---------  
  Slow    Yes        Yes        
  Fast    Yes        Yes        



check_timing report

Table of Contents
-----------------
1. checking no_clock
2. checking constant_clock
3. checking pulse_width_clock
4. checking unconstrained_internal_endpoints
5. checking no_input_delay
6. checking no_output_delay
7. checking multiple_clock
8. checking generated_clocks
9. checking loops
10. checking partial_input_delay
11. checking partial_output_delay
12. checking latch_loops

1. checking no_clock
--------------------
 There are 0 register/latch pins with no clock.


2. checking constant_clock
--------------------------
 There are 0 register/latch pins with constant_clock.


3. checking pulse_width_clock
-----------------------------
 There are 0 register/latch pins which need pulse_width check


4. checking unconstrained_internal_endpoints
--------------------------------------------
 There are 0 pins that are not constrained for maximum delay.

 There are 0 pins that are not constrained for maximum delay due to constant clock.


5. checking no_input_delay
--------------------------
 There are 2 input ports with no input delay specified. (HIGH)

 There are 0 input ports with no input delay but user has a false path constraint.


6. checking no_output_delay
---------------------------
 There are 3 ports with no output delay specified. (HIGH)

 There are 0 ports with no output delay but user has a false path constraint

 There are 0 ports with no output delay but with a timing clock defined on it or propagating through it


7. checking multiple_clock
--------------------------
 There are 0 register/latch pins with multiple clocks.


8. checking generated_clocks
----------------------------
 There are 0 generated clocks that are not connected to a clock source.


9. checking loops
-----------------
 There are 0 combinational loops in the design.


10. checking partial_input_delay
--------------------------------
 There are 0 input ports with partial input delay specified.


11. checking partial_output_delay
---------------------------------
 There are 0 ports with partial output delay specified.


12. checking latch_loops
------------------------
 There are 0 combinational latch loops in the design through latch input



------------------------------------------------------------------------------------------------
| Design Timing Summary
| ---------------------
------------------------------------------------------------------------------------------------

    WNS(ns)      TNS(ns)  TNS Failing Endpoints  TNS Total Endpoints      WHS(ns)      THS(ns)  THS Failing Endpoints  THS Total Endpoints     WPWS(ns)     TPWS(ns)  TPWS Failing Endpoints  TPWS Total Endpoints  
    -------      -------  ---------------------  -------------------      -------      -------  ---------------------  -------------------     --------     --------  ----------------------  --------------------  
      8.711        0.000                      0                    3        0.223        0.000                      0                    3        4.500        0.000                       0                     4  


All user specified timing constraints are met.


------------------------------------------------------------------------------------------------
| Clock Summary
| -------------
------------------------------------------------------------------------------------------------

Clock        Waveform(ns)       Period(ns)      Frequency(MHz)
-----        ------------       ----------      --------------
sys_clk_pin  {0.000 5.000}      10.000          100.000         


------------------------------------------------------------------------------------------------
| Intra Clock Table
| -----------------
------------------------------------------------------------------------------------------------

Clock             WNS(ns)      TNS(ns)  TNS Failing Endpoints  TNS Total Endpoints      WHS(ns)      THS(ns)  THS Failing Endpoints  THS Total Endpoints     WPWS(ns)     TPWS(ns)  TPWS Failing Endpoints  TPWS Total Endpoints  
-----             -------      -------  ---------------------  -------------------      -------      -------  ---------------------  -------------------     --------     --------  ----------------------  --------------------  
sys_clk_pin         8.711        0.000                      0                    3        0.223        0.000                      0                    3        4.500        0.000                       0                     4  


------------------------------------------------------------------------------------------------
| Inter Clock Table
| -----------------
------------------------------------------------------------------------------------------------

From Clock    To Clock          WNS(ns)      TNS(ns)  TNS Failing Endpoints  TNS Total Endpoints      WHS(ns)      THS(ns)  THS Failing Endpoints  THS Total Endpoints  
----------    --------          -------      -------  ---------------------  -------------------      -------      -------  ---------------------  -------------------  


------------------------------------------------------------------------------------------------
| Other Path Groups Table
| -----------------------
------------------------------------------------------------------------------------------------

Path Group    From Clock    To Clock          WNS(ns)      TNS(ns)  TNS Failing Endpoints  TNS Total Endpoints      WHS(ns)      THS(ns)  THS Failing Endpoints  THS Total Endpoints  
----------    ----------    --------          -------      -------  ---------------------  -------------------      -------      -------  ---------------------  -------------------  


------------------------------------------------------------------------------------------------
| Timing Details
| --------------
------------------------------------------------------------------------------------------------


---------------------------------------------------------------------------------------------------
From Clock:  sys_clk_pin
  To Clock:  sys_clk_pin

Setup :            0  Failing Endpoints,  Worst Slack        8.711ns,  Total Violation        0.000ns
Hold  :            0  Failing Endpoints,  Worst Slack        0.223ns,  Total Violation        0.000ns
PW    :            0  Failing Endpoints,  Worst Slack        4.500ns,  Total Violation        0.000ns
---------------------------------------------------------------------------------------------------


Max Delay Paths
--------------------------------------------------------------------------------------
Slack (MET) :             8.711ns  (required time - arrival time)
  Source:                 FSM_sequential_Y_reg[1]/C
                            (rising edge-triggered cell FDCE clocked by sys_clk_pin  {rise@0.000ns fall@5.000ns period=10.000ns})
  Destination:            FSM_sequential_Y_reg[1]/D
                            (rising edge-triggered cell FDCE clocked by sys_clk_pin  {rise@0.000ns fall@5.000ns period=10.000ns})
  Path Group:             sys_clk_pin
  Path Type:              Setup (Max at Slow Process Corner)
  Requirement:            10.000ns  (sys_clk_pin rise@10.000ns - sys_clk_pin rise@0.000ns)
  Data Path Delay:        1.285ns  (logic 0.580ns (45.142%)  route 0.705ns (54.858%))
  Logic Levels:           1  (LUT4=1)
  Clock Path Skew:        0.000ns (DCD - SCD + CPR)
    Destination Clock Delay (DCD):    5.012ns = ( 15.012 - 10.000 ) 
    Source Clock Delay      (SCD):    5.312ns
    Clock Pessimism Removal (CPR):    0.300ns
  Clock Uncertainty:      0.035ns  ((TSJ^2 + TIJ^2)^1/2 + DJ) / 2 + PE
    Total System Jitter     (TSJ):    0.071ns
    Total Input Jitter      (TIJ):    0.000ns
    Discrete Jitter          (DJ):    0.000ns
    Phase Error              (PE):    0.000ns

    Location             Delay type                Incr(ns)  Path(ns)    Netlist Resource(s)
  -------------------------------------------------------------------    -------------------
                         (clock sys_clk_pin rise edge)
                                                      0.000     0.000 r  
    E3                                                0.000     0.000 r  clk (IN)
                         net (fo=0)                   0.000     0.000    clk
    E3                   IBUF (Prop_ibuf_I_O)         1.482     1.482 r  clk_IBUF_inst/O
                         net (fo=1, routed)           2.025     3.506    clk_IBUF
    BUFGCTRL_X0Y16       BUFG (Prop_bufg_I_O)         0.096     3.602 r  clk_IBUF_BUFG_inst/O
                         net (fo=3, routed)           1.710     5.312    clk_IBUF_BUFG
    SLICE_X0Y100         FDCE                                         r  FSM_sequential_Y_reg[1]/C
  -------------------------------------------------------------------    -------------------
    SLICE_X0Y100         FDCE (Prop_fdce_C_Q)         0.456     5.768 r  FSM_sequential_Y_reg[1]/Q
                         net (fo=5, routed)           0.705     6.473    Y__0[1]
    SLICE_X0Y100         LUT4 (Prop_lut4_I2_O)        0.124     6.597 r  FSM_sequential_Y[1]_i_1/O
                         net (fo=1, routed)           0.000     6.597    FSM_sequential_Y[1]_i_1_n_0
    SLICE_X0Y100         FDCE                                         r  FSM_sequential_Y_reg[1]/D
  -------------------------------------------------------------------    -------------------

                         (clock sys_clk_pin rise edge)
                                                     10.000    10.000 r  
    E3                                                0.000    10.000 r  clk (IN)
                         net (fo=0)                   0.000    10.000    clk
    E3                   IBUF (Prop_ibuf_I_O)         1.411    11.411 r  clk_IBUF_inst/O
                         net (fo=1, routed)           1.920    13.331    clk_IBUF
    BUFGCTRL_X0Y16       BUFG (Prop_bufg_I_O)         0.091    13.422 r  clk_IBUF_BUFG_inst/O
                         net (fo=3, routed)           1.590    15.012    clk_IBUF_BUFG
    SLICE_X0Y100         FDCE                                         r  FSM_sequential_Y_reg[1]/C
                         clock pessimism              0.300    15.312    
                         clock uncertainty           -0.035    15.277    
    SLICE_X0Y100         FDCE (Setup_fdce_C_D)        0.031    15.308    FSM_sequential_Y_reg[1]
  -------------------------------------------------------------------
                         required time                         15.308    
                         arrival time                          -6.597    
  -------------------------------------------------------------------
                         slack                                  8.711    

Slack (MET) :             8.712ns  (required time - arrival time)
  Source:                 FSM_sequential_Y_reg[1]/C
                            (rising edge-triggered cell FDCE clocked by sys_clk_pin  {rise@0.000ns fall@5.000ns period=10.000ns})
  Destination:            FSM_sequential_Y_reg[2]/D
                            (rising edge-triggered cell FDCE clocked by sys_clk_pin  {rise@0.000ns fall@5.000ns period=10.000ns})
  Path Group:             sys_clk_pin
  Path Type:              Setup (Max at Slow Process Corner)
  Requirement:            10.000ns  (sys_clk_pin rise@10.000ns - sys_clk_pin rise@0.000ns)
  Data Path Delay:        1.282ns  (logic 0.580ns (45.237%)  route 0.702ns (54.763%))
  Logic Levels:           1  (LUT4=1)
  Clock Path Skew:        0.000ns (DCD - SCD + CPR)
    Destination Clock Delay (DCD):    5.012ns = ( 15.012 - 10.000 ) 
    Source Clock Delay      (SCD):    5.312ns
    Clock Pessimism Removal (CPR):    0.300ns
  Clock Uncertainty:      0.035ns  ((TSJ^2 + TIJ^2)^1/2 + DJ) / 2 + PE
    Total System Jitter     (TSJ):    0.071ns
    Total Input Jitter      (TIJ):    0.000ns
    Discrete Jitter          (DJ):    0.000ns
    Phase Error              (PE):    0.000ns

    Location             Delay type                Incr(ns)  Path(ns)    Netlist Resource(s)
  -------------------------------------------------------------------    -------------------
                         (clock sys_clk_pin rise edge)
                                                      0.000     0.000 r  
    E3                                                0.000     0.000 r  clk (IN)
                         net (fo=0)                   0.000     0.000    clk
    E3                   IBUF (Prop_ibuf_I_O)         1.482     1.482 r  clk_IBUF_inst/O
                         net (fo=1, routed)           2.025     3.506    clk_IBUF
    BUFGCTRL_X0Y16       BUFG (Prop_bufg_I_O)         0.096     3.602 r  clk_IBUF_BUFG_inst/O
                         net (fo=3, routed)           1.710     5.312    clk_IBUF_BUFG
    SLICE_X0Y100         FDCE                                         r  FSM_sequential_Y_reg[1]/C
  -------------------------------------------------------------------    -------------------
    SLICE_X0Y100         FDCE (Prop_fdce_C_Q)         0.456     5.768 r  FSM_sequential_Y_reg[1]/Q
                         net (fo=5, routed)           0.702     6.470    Y__0[1]
    SLICE_X0Y100         LUT4 (Prop_lut4_I1_O)        0.124     6.594 r  FSM_sequential_Y[2]_i_1/O
                         net (fo=1, routed)           0.000     6.594    FSM_sequential_Y[2]_i_1_n_0
    SLICE_X0Y100         FDCE                                         r  FSM_sequential_Y_reg[2]/D
  -------------------------------------------------------------------    -------------------

                         (clock sys_clk_pin rise edge)
                                                     10.000    10.000 r  
    E3                                                0.000    10.000 r  clk (IN)
                         net (fo=0)                   0.000    10.000    clk
    E3                   IBUF (Prop_ibuf_I_O)         1.411    11.411 r  clk_IBUF_inst/O
                         net (fo=1, routed)           1.920    13.331    clk_IBUF
    BUFGCTRL_X0Y16       BUFG (Prop_bufg_I_O)         0.091    13.422 r  clk_IBUF_BUFG_inst/O
                         net (fo=3, routed)           1.590    15.012    clk_IBUF_BUFG
    SLICE_X0Y100         FDCE                                         r  FSM_sequential_Y_reg[2]/C
                         clock pessimism              0.300    15.312    
                         clock uncertainty           -0.035    15.277    
    SLICE_X0Y100         FDCE (Setup_fdce_C_D)        0.029    15.306    FSM_sequential_Y_reg[2]
  -------------------------------------------------------------------
                         required time                         15.306    
                         arrival time                          -6.594    
  -------------------------------------------------------------------
                         slack                                  8.712    

Slack (MET) :             8.876ns  (required time - arrival time)
  Source:                 FSM_sequential_Y_reg[0]/C
                            (rising edge-triggered cell FDCE clocked by sys_clk_pin  {rise@0.000ns fall@5.000ns period=10.000ns})
  Destination:            FSM_sequential_Y_reg[0]/D
                            (rising edge-triggered cell FDCE clocked by sys_clk_pin  {rise@0.000ns fall@5.000ns period=10.000ns})
  Path Group:             sys_clk_pin
  Path Type:              Setup (Max at Slow Process Corner)
  Requirement:            10.000ns  (sys_clk_pin rise@10.000ns - sys_clk_pin rise@0.000ns)
  Data Path Delay:        1.117ns  (logic 0.580ns (51.910%)  route 0.537ns (48.090%))
  Logic Levels:           1  (LUT1=1)
  Clock Path Skew:        0.000ns (DCD - SCD + CPR)
    Destination Clock Delay (DCD):    5.012ns = ( 15.012 - 10.000 ) 
    Source Clock Delay      (SCD):    5.312ns
    Clock Pessimism Removal (CPR):    0.300ns
  Clock Uncertainty:      0.035ns  ((TSJ^2 + TIJ^2)^1/2 + DJ) / 2 + PE
    Total System Jitter     (TSJ):    0.071ns
    Total Input Jitter      (TIJ):    0.000ns
    Discrete Jitter          (DJ):    0.000ns
    Phase Error              (PE):    0.000ns

    Location             Delay type                Incr(ns)  Path(ns)    Netlist Resource(s)
  -------------------------------------------------------------------    -------------------
                         (clock sys_clk_pin rise edge)
                                                      0.000     0.000 r  
    E3                                                0.000     0.000 r  clk (IN)
                         net (fo=0)                   0.000     0.000    clk
    E3                   IBUF (Prop_ibuf_I_O)         1.482     1.482 r  clk_IBUF_inst/O
                         net (fo=1, routed)           2.025     3.506    clk_IBUF
    BUFGCTRL_X0Y16       BUFG (Prop_bufg_I_O)         0.096     3.602 r  clk_IBUF_BUFG_inst/O
                         net (fo=3, routed)           1.710     5.312    clk_IBUF_BUFG
    SLICE_X1Y100         FDCE                                         r  FSM_sequential_Y_reg[0]/C
  -------------------------------------------------------------------    -------------------
    SLICE_X1Y100         FDCE (Prop_fdce_C_Q)         0.456     5.768 f  FSM_sequential_Y_reg[0]/Q
                         net (fo=6, routed)           0.537     6.306    Y__0[0]
    SLICE_X1Y100         LUT1 (Prop_lut1_I0_O)        0.124     6.430 r  FSM_sequential_Y[0]_i_1/O
                         net (fo=1, routed)           0.000     6.430    FSM_sequential_Y[0]_i_1_n_0
    SLICE_X1Y100         FDCE                                         r  FSM_sequential_Y_reg[0]/D
  -------------------------------------------------------------------    -------------------

                         (clock sys_clk_pin rise edge)
                                                     10.000    10.000 r  
    E3                                                0.000    10.000 r  clk (IN)
                         net (fo=0)                   0.000    10.000    clk
    E3                   IBUF (Prop_ibuf_I_O)         1.411    11.411 r  clk_IBUF_inst/O
                         net (fo=1, routed)           1.920    13.331    clk_IBUF
    BUFGCTRL_X0Y16       BUFG (Prop_bufg_I_O)         0.091    13.422 r  clk_IBUF_BUFG_inst/O
                         net (fo=3, routed)           1.590    15.012    clk_IBUF_BUFG
    SLICE_X1Y100         FDCE                                         r  FSM_sequential_Y_reg[0]/C
                         clock pessimism              0.300    15.312    
                         clock uncertainty           -0.035    15.277    
    SLICE_X1Y100         FDCE (Setup_fdce_C_D)        0.029    15.306    FSM_sequential_Y_reg[0]
  -------------------------------------------------------------------
                         required time                         15.306    
                         arrival time                          -6.430    
  -------------------------------------------------------------------
                         slack                                  8.876    





Min Delay Paths
--------------------------------------------------------------------------------------
Slack (MET) :             0.223ns  (arrival time - required time)
  Source:                 FSM_sequential_Y_reg[0]/C
                            (rising edge-triggered cell FDCE clocked by sys_clk_pin  {rise@0.000ns fall@5.000ns period=10.000ns})
  Destination:            FSM_sequential_Y_reg[2]/D
                            (rising edge-triggered cell FDCE clocked by sys_clk_pin  {rise@0.000ns fall@5.000ns period=10.000ns})
  Path Group:             sys_clk_pin
  Path Type:              Hold (Min at Fast Process Corner)
  Requirement:            0.000ns  (sys_clk_pin rise@0.000ns - sys_clk_pin rise@0.000ns)
  Data Path Delay:        0.327ns  (logic 0.186ns (56.867%)  route 0.141ns (43.133%))
  Logic Levels:           1  (LUT4=1)
  Clock Path Skew:        0.013ns (DCD - SCD - CPR)
    Destination Clock Delay (DCD):    2.037ns
    Source Clock Delay      (SCD):    1.518ns
    Clock Pessimism Removal (CPR):    0.505ns

    Location             Delay type                Incr(ns)  Path(ns)    Netlist Resource(s)
  -------------------------------------------------------------------    -------------------
                         (clock sys_clk_pin rise edge)
                                                      0.000     0.000 r  
    E3                                                0.000     0.000 r  clk (IN)
                         net (fo=0)                   0.000     0.000    clk
    E3                   IBUF (Prop_ibuf_I_O)         0.250     0.250 r  clk_IBUF_inst/O
                         net (fo=1, routed)           0.644     0.894    clk_IBUF
    BUFGCTRL_X0Y16       BUFG (Prop_bufg_I_O)         0.026     0.920 r  clk_IBUF_BUFG_inst/O
                         net (fo=3, routed)           0.599     1.518    clk_IBUF_BUFG
    SLICE_X1Y100         FDCE                                         r  FSM_sequential_Y_reg[0]/C
  -------------------------------------------------------------------    -------------------
    SLICE_X1Y100         FDCE (Prop_fdce_C_Q)         0.141     1.659 r  FSM_sequential_Y_reg[0]/Q
                         net (fo=6, routed)           0.141     1.801    Y__0[0]
    SLICE_X0Y100         LUT4 (Prop_lut4_I3_O)        0.045     1.846 r  FSM_sequential_Y[2]_i_1/O
                         net (fo=1, routed)           0.000     1.846    FSM_sequential_Y[2]_i_1_n_0
    SLICE_X0Y100         FDCE                                         r  FSM_sequential_Y_reg[2]/D
  -------------------------------------------------------------------    -------------------

                         (clock sys_clk_pin rise edge)
                                                      0.000     0.000 r  
    E3                                                0.000     0.000 r  clk (IN)
                         net (fo=0)                   0.000     0.000    clk
    E3                   IBUF (Prop_ibuf_I_O)         0.438     0.438 r  clk_IBUF_inst/O
                         net (fo=1, routed)           0.699     1.136    clk_IBUF
    BUFGCTRL_X0Y16       BUFG (Prop_bufg_I_O)         0.029     1.165 r  clk_IBUF_BUFG_inst/O
                         net (fo=3, routed)           0.872     2.037    clk_IBUF_BUFG
    SLICE_X0Y100         FDCE                                         r  FSM_sequential_Y_reg[2]/C
                         clock pessimism             -0.505     1.531    
    SLICE_X0Y100         FDCE (Hold_fdce_C_D)         0.091     1.622    FSM_sequential_Y_reg[2]
  -------------------------------------------------------------------
                         required time                         -1.622    
                         arrival time                           1.846    
  -------------------------------------------------------------------
                         slack                                  0.223    

Slack (MET) :             0.255ns  (arrival time - required time)
  Source:                 FSM_sequential_Y_reg[0]/C
                            (rising edge-triggered cell FDCE clocked by sys_clk_pin  {rise@0.000ns fall@5.000ns period=10.000ns})
  Destination:            FSM_sequential_Y_reg[1]/D
                            (rising edge-triggered cell FDCE clocked by sys_clk_pin  {rise@0.000ns fall@5.000ns period=10.000ns})
  Path Group:             sys_clk_pin
  Path Type:              Hold (Min at Fast Process Corner)
  Requirement:            0.000ns  (sys_clk_pin rise@0.000ns - sys_clk_pin rise@0.000ns)
  Data Path Delay:        0.360ns  (logic 0.186ns (51.716%)  route 0.174ns (48.284%))
  Logic Levels:           1  (LUT4=1)
  Clock Path Skew:        0.013ns (DCD - SCD - CPR)
    Destination Clock Delay (DCD):    2.037ns
    Source Clock Delay      (SCD):    1.518ns
    Clock Pessimism Removal (CPR):    0.505ns

    Location             Delay type                Incr(ns)  Path(ns)    Netlist Resource(s)
  -------------------------------------------------------------------    -------------------
                         (clock sys_clk_pin rise edge)
                                                      0.000     0.000 r  
    E3                                                0.000     0.000 r  clk (IN)
                         net (fo=0)                   0.000     0.000    clk
    E3                   IBUF (Prop_ibuf_I_O)         0.250     0.250 r  clk_IBUF_inst/O
                         net (fo=1, routed)           0.644     0.894    clk_IBUF
    BUFGCTRL_X0Y16       BUFG (Prop_bufg_I_O)         0.026     0.920 r  clk_IBUF_BUFG_inst/O
                         net (fo=3, routed)           0.599     1.518    clk_IBUF_BUFG
    SLICE_X1Y100         FDCE                                         r  FSM_sequential_Y_reg[0]/C
  -------------------------------------------------------------------    -------------------
    SLICE_X1Y100         FDCE (Prop_fdce_C_Q)         0.141     1.659 r  FSM_sequential_Y_reg[0]/Q
                         net (fo=6, routed)           0.174     1.833    Y__0[0]
    SLICE_X0Y100         LUT4 (Prop_lut4_I3_O)        0.045     1.878 r  FSM_sequential_Y[1]_i_1/O
                         net (fo=1, routed)           0.000     1.878    FSM_sequential_Y[1]_i_1_n_0
    SLICE_X0Y100         FDCE                                         r  FSM_sequential_Y_reg[1]/D
  -------------------------------------------------------------------    -------------------

                         (clock sys_clk_pin rise edge)
                                                      0.000     0.000 r  
    E3                                                0.000     0.000 r  clk (IN)
                         net (fo=0)                   0.000     0.000    clk
    E3                   IBUF (Prop_ibuf_I_O)         0.438     0.438 r  clk_IBUF_inst/O
                         net (fo=1, routed)           0.699     1.136    clk_IBUF
    BUFGCTRL_X0Y16       BUFG (Prop_bufg_I_O)         0.029     1.165 r  clk_IBUF_BUFG_inst/O
                         net (fo=3, routed)           0.872     2.037    clk_IBUF_BUFG
    SLICE_X0Y100         FDCE                                         r  FSM_sequential_Y_reg[1]/C
                         clock pessimism             -0.505     1.531    
    SLICE_X0Y100         FDCE (Hold_fdce_C_D)         0.092     1.623    FSM_sequential_Y_reg[1]
  -------------------------------------------------------------------
                         required time                         -1.623    
                         arrival time                           1.878    
  -------------------------------------------------------------------
                         slack                                  0.255    

Slack (MET) :             0.295ns  (arrival time - required time)
  Source:                 FSM_sequential_Y_reg[0]/C
                            (rising edge-triggered cell FDCE clocked by sys_clk_pin  {rise@0.000ns fall@5.000ns period=10.000ns})
  Destination:            FSM_sequential_Y_reg[0]/D
                            (rising edge-triggered cell FDCE clocked by sys_clk_pin  {rise@0.000ns fall@5.000ns period=10.000ns})
  Path Group:             sys_clk_pin
  Path Type:              Hold (Min at Fast Process Corner)
  Requirement:            0.000ns  (sys_clk_pin rise@0.000ns - sys_clk_pin rise@0.000ns)
  Data Path Delay:        0.386ns  (logic 0.186ns (48.147%)  route 0.200ns (51.853%))
  Logic Levels:           1  (LUT1=1)
  Clock Path Skew:        0.000ns (DCD - SCD - CPR)
    Destination Clock Delay (DCD):    2.037ns
    Source Clock Delay      (SCD):    1.518ns
    Clock Pessimism Removal (CPR):    0.518ns

    Location             Delay type                Incr(ns)  Path(ns)    Netlist Resource(s)
  -------------------------------------------------------------------    -------------------
                         (clock sys_clk_pin rise edge)
                                                      0.000     0.000 r  
    E3                                                0.000     0.000 r  clk (IN)
                         net (fo=0)                   0.000     0.000    clk
    E3                   IBUF (Prop_ibuf_I_O)         0.250     0.250 r  clk_IBUF_inst/O
                         net (fo=1, routed)           0.644     0.894    clk_IBUF
    BUFGCTRL_X0Y16       BUFG (Prop_bufg_I_O)         0.026     0.920 r  clk_IBUF_BUFG_inst/O
                         net (fo=3, routed)           0.599     1.518    clk_IBUF_BUFG
    SLICE_X1Y100         FDCE                                         r  FSM_sequential_Y_reg[0]/C
  -------------------------------------------------------------------    -------------------
    SLICE_X1Y100         FDCE (Prop_fdce_C_Q)         0.141     1.659 f  FSM_sequential_Y_reg[0]/Q
                         net (fo=6, routed)           0.200     1.860    Y__0[0]
    SLICE_X1Y100         LUT1 (Prop_lut1_I0_O)        0.045     1.905 r  FSM_sequential_Y[0]_i_1/O
                         net (fo=1, routed)           0.000     1.905    FSM_sequential_Y[0]_i_1_n_0
    SLICE_X1Y100         FDCE                                         r  FSM_sequential_Y_reg[0]/D
  -------------------------------------------------------------------    -------------------

                         (clock sys_clk_pin rise edge)
                                                      0.000     0.000 r  
    E3                                                0.000     0.000 r  clk (IN)
                         net (fo=0)                   0.000     0.000    clk
    E3                   IBUF (Prop_ibuf_I_O)         0.438     0.438 r  clk_IBUF_inst/O
                         net (fo=1, routed)           0.699     1.136    clk_IBUF
    BUFGCTRL_X0Y16       BUFG (Prop_bufg_I_O)         0.029     1.165 r  clk_IBUF_BUFG_inst/O
                         net (fo=3, routed)           0.872     2.037    clk_IBUF_BUFG
    SLICE_X1Y100         FDCE                                         r  FSM_sequential_Y_reg[0]/C
                         clock pessimism             -0.518     1.518    
    SLICE_X1Y100         FDCE (Hold_fdce_C_D)         0.091     1.609    FSM_sequential_Y_reg[0]
  -------------------------------------------------------------------
                         required time                         -1.609    
                         arrival time                           1.905    
  -------------------------------------------------------------------
                         slack                                  0.295    





Pulse Width Checks
--------------------------------------------------------------------------------------
Clock Name:         sys_clk_pin
Waveform(ns):       { 0.000 5.000 }
Period(ns):         10.000
Sources:            { clk }

Check Type        Corner  Lib Pin  Reference Pin  Required(ns)  Actual(ns)  Slack(ns)  Location        Pin
Min Period        n/a     BUFG/I   n/a            2.155         10.000      7.845      BUFGCTRL_X0Y16  clk_IBUF_BUFG_inst/I
Min Period        n/a     FDCE/C   n/a            1.000         10.000      9.000      SLICE_X1Y100    FSM_sequential_Y_reg[0]/C
Min Period        n/a     FDCE/C   n/a            1.000         10.000      9.000      SLICE_X0Y100    FSM_sequential_Y_reg[1]/C
Min Period        n/a     FDCE/C   n/a            1.000         10.000      9.000      SLICE_X0Y100    FSM_sequential_Y_reg[2]/C
Low Pulse Width   Slow    FDCE/C   n/a            0.500         5.000       4.500      SLICE_X1Y100    FSM_sequential_Y_reg[0]/C
Low Pulse Width   Slow    FDCE/C   n/a            0.500         5.000       4.500      SLICE_X0Y100    FSM_sequential_Y_reg[1]/C
Low Pulse Width   Slow    FDCE/C   n/a            0.500         5.000       4.500      SLICE_X0Y100    FSM_sequential_Y_reg[2]/C
Low Pulse Width   Fast    FDCE/C   n/a            0.500         5.000       4.500      SLICE_X1Y100    FSM_sequential_Y_reg[0]/C
Low Pulse Width   Fast    FDCE/C   n/a            0.500         5.000       4.500      SLICE_X0Y100    FSM_sequential_Y_reg[1]/C
Low Pulse Width   Fast    FDCE/C   n/a            0.500         5.000       4.500      SLICE_X0Y100    FSM_sequential_Y_reg[2]/C
High Pulse Width  Slow    FDCE/C   n/a            0.500         5.000       4.500      SLICE_X1Y100    FSM_sequential_Y_reg[0]/C
High Pulse Width  Slow    FDCE/C   n/a            0.500         5.000       4.500      SLICE_X0Y100    FSM_sequential_Y_reg[1]/C
High Pulse Width  Slow    FDCE/C   n/a            0.500         5.000       4.500      SLICE_X0Y100    FSM_sequential_Y_reg[2]/C
High Pulse Width  Fast    FDCE/C   n/a            0.500         5.000       4.500      SLICE_X1Y100    FSM_sequential_Y_reg[0]/C
High Pulse Width  Fast    FDCE/C   n/a            0.500         5.000       4.500      SLICE_X0Y100    FSM_sequential_Y_reg[1]/C
High Pulse Width  Fast    FDCE/C   n/a            0.500         5.000       4.500      SLICE_X0Y100    FSM_sequential_Y_reg[2]/C



