#-----------------------------------------------------------
# Vivado v2018.1 (64-bit)
# SW Build 2188600 on Wed Apr  4 18:40:38 MDT 2018
# IP Build 2185939 on Wed Apr  4 20:55:05 MDT 2018
# Start of session at: Wed Sep 16 19:04:32 2020
# Process ID: 29072
# Current directory: C:/Users/wuyesai/Desktop/digital_clock1
# Command line: vivado.exe -gui_launcher_event rodinguilauncherevent34636 C:\Users\wuyesai\Desktop\digital_clock1\digital_clock1.xpr
# Log file: C:/Users/wuyesai/Desktop/digital_clock1/vivado.log
# Journal file: C:/Users/wuyesai/Desktop/digital_clock1\vivado.jou
#-----------------------------------------------------------
start_gui
open_project C:/Users/wuyesai/Desktop/digital_clock1/digital_clock1.xpr
INFO: [Project 1-313] Project file moved from 'E:/project/digital_clock1' since last save.
Scanning sources...
Finished scanning sources
CRITICAL WARNING: [Project 1-505] Unrecognized Option Name MEMEnableMemoryMapGeneration
WARNING: [Project 1-231] Project 'digital_clock1.xpr' was created with a future version and may or may not perform reliably with this version of Vivado. It has been opened in read-only mode for the protection of unrecognized data. Use 'File | Save Project As...' if you wish to alter a copy of the project.
INFO: [IP_Flow 19-234] Refreshing IP repositories
INFO: [IP_Flow 19-1704] No user IP repositories specified
INFO: [IP_Flow 19-2313] Loaded Vivado IP repository 'D:/Xilinx/Vivado/2018.1/data/ip'.
open_project: Time (s): cpu = 00:00:12 ; elapsed = 00:00:07 . Memory (MB): peak = 874.707 ; gain = 143.227
update_compile_order -fileset sources_1
save_project_as shudian_clock C:/Users/wuyesai/Desktop/shudian_clock -force
exit
INFO: [Common 17-206] Exiting Vivado at Wed Sep 16 19:10:10 2020...
